<?xml version="1.0" encoding="UTF-8"?>
<testng-results ignored="0" total="1" passed="1" failed="0" skipped="0">
  <reporter-output>
  </reporter-output>
  <suite started-at="2026-04-20T21:07:12 IST" name="Suite" finished-at="2026-04-20T21:07:35 IST" duration-ms="22784">
    <groups>
    </groups>
    <test started-at="2026-04-20T21:07:12 IST" name="Test" finished-at="2026-04-20T21:07:35 IST" duration-ms="22784">
      <class name="tests.PIMTest">
        <test-method is-config="true" signature="setUp()[pri:0, instance:tests.PIMTest@232024b9]" started-at="2026-04-20T21:07:03 IST" name="setUp" finished-at="2026-04-20T21:07:12 IST" duration-ms="8614" status="PASS">
          <reporter-output>
          </reporter-output>
        </test-method> <!-- setUp -->
        <test-method signature="pimTest(java.lang.String,java.lang.String,java.lang.String)[pri:0, instance:tests.PIMTest@232024b9]" started-at="2026-04-20T21:07:12 IST" name="pimTest" data-provider="loginData" finished-at="2026-04-20T21:07:35 IST" duration-ms="22699" status="PASS">
          <params>
            <param index="0">
              <value>
                <![CDATA[Admin]]>
              </value>
            </param>
            <param index="1">
              <value>
                <![CDATA[admin123]]>
              </value>
            </param>
            <param index="2">
              <value>
                <![CDATA[valid]]>
              </value>
            </param>
          </params>
          <reporter-output>
          </reporter-output>
        </test-method> <!-- pimTest -->
        <test-method is-config="true" signature="tearDown()[pri:0, instance:tests.PIMTest@232024b9]" started-at="2026-04-20T21:07:35 IST" name="tearDown" finished-at="2026-04-20T21:07:36 IST" duration-ms="376" status="PASS">
          <reporter-output>
          </reporter-output>
        </test-method> <!-- tearDown -->
      </class> <!-- tests.PIMTest -->
    </test> <!-- Test -->
  </suite> <!-- Suite -->
</testng-results>
